<?xml version="1.0" encoding="UTF-8"?>
<testsuite xmlns:xsi="http://www.w3.org/2001/XMLSchema-instance" xsi:noNamespaceSchemaLocation="https://maven.apache.org/surefire/maven-surefire-plugin/xsd/surefire-test-report-3.0.xsd" version="3.0" name="Login Functionality" time="78.698" tests="6" errors="2" skipped="0" failures="4">
  <properties>
[...]
</properties>
  <testcase name="Successful login with valid credentials" classname="Login Functionality" time="15.462">
    <error message="Expected condition failed: waiting for com.thinkingtesters.steps.LoginSteps$$Lambda/0x00007fff01414df8@6f2ec0b3 (tried for 10 second(s) with 500 milliseconds interval)&#10;Build info: version: &apos;4.16.1&apos;, revision: &apos;9b4c83354e&apos;&#10;System info: os.name: &apos;Mac OS X&apos;, os.arch: &apos;aarch64&apos;, os.version: &apos;14.5&apos;, java.version: &apos;23&apos;&#10;Driver info: org.openqa.selenium.chrome.ChromeDriver&#10;Capabilities {acceptInsecureCerts: false, browserName: chrome, browserVersion: 132.0.6834.160, chrome: {chromedriverVersion: 132.0.6834.159 (2d77d3fc445..., userDataDir: /var/folders/kv/vhp5lr_x4sn...}, fedcm:accounts: true, goog:chromeOptions: {debuggerAddress: localhost:57565}, networkConnectionEnabled: false, pageLoadStrategy: normal, platformName: mac, proxy: Proxy(), se:cdp: ws://localhost:57565/devtoo..., se:cdpVersion: 132.0.6834.160, setWindowRect: true, strictFileInteractability: false, timeouts: {implicit: 0, pageLoad: 300000, script: 30000}, unhandledPromptBehavior: dismiss and notify, webauthn:extension:credBlob: true, webauthn:extension:largeBlob: true, webauthn:extension:minPinLength: true, webauthn:extension:prf: true, webauthn:virtualAuthenticators: true}&#10;Session ID: 8dc0f9ba252a0c40585c573076c7e130" type="org.openqa.selenium.TimeoutException"><![CDATA[org.openqa.selenium.TimeoutException: 
Expected condition failed: waiting for com.thinkingtesters.steps.LoginSteps$$Lambda/0x00007fff01414df8@6f2ec0b3 (tried for 10 second(s) with 500 milliseconds interval)
Build info: version: '4.16.1', revision: '9b4c83354e'
System info: os.name: 'Mac OS X', os.arch: 'aarch64', os.version: '14.5', java.version: '23'
Driver info: org.openqa.selenium.chrome.ChromeDriver
Capabilities {acceptInsecureCerts: false, browserName: chrome, browserVersion: 132.0.6834.160, chrome: {chromedriverVersion: 132.0.6834.159 (2d77d3fc445..., userDataDir: /var/folders/kv/vhp5lr_x4sn...}, fedcm:accounts: true, goog:chromeOptions: {debuggerAddress: localhost:57565}, networkConnectionEnabled: false, pageLoadStrategy: normal, platformName: mac, proxy: Proxy(), se:cdp: ws://localhost:57565/devtoo..., se:cdpVersion: 132.0.6834.160, setWindowRect: true, strictFileInteractability: false, timeouts: {implicit: 0, pageLoad: 300000, script: 30000}, unhandledPromptBehavior: dismiss and notify, webauthn:extension:credBlob: true, webauthn:extension:largeBlob: true, webauthn:extension:minPinLength: true, webauthn:extension:prf: true, webauthn:virtualAuthenticators: true}
Session ID: 8dc0f9ba252a0c40585c573076c7e130
	at org.openqa.selenium.support.ui.WebDriverWait.timeoutException(WebDriverWait.java:84)
	at org.openqa.selenium.support.ui.FluentWait.until(FluentWait.java:229)
	at com.thinkingtesters.steps.LoginSteps.iShouldBeLoggedInSuccessfully(LoginSteps.java:56)
	at ✽.I should be logged in successfully(file:///Users/suleymankirkil/IdeaProjects/AkilliProje/src/test/resources/features/login.feature:13)
]]></error>
    <system-out><![CDATA[
Scenario: Successful login with valid credentials # src/test/resources/features/login.feature:9
  Given I am on the login page                    # com.thinkingtesters.steps.LoginSteps.iAmOnTheLoginPage()
  When I enter valid email "test@test.com"        # com.thinkingtesters.steps.LoginSteps.iEnterValidEmail(java.lang.String)
  And I enter valid password "test123"            # com.thinkingtesters.steps.LoginSteps.iEnterValidPassword(java.lang.String)
  And I click the login submit button             # com.thinkingtesters.steps.LoginSteps.iClickTheSubmitButton()
  Then I should be logged in successfully         # com.thinkingtesters.steps.LoginSteps.iShouldBeLoggedInSuccessfully()
      org.openqa.selenium.TimeoutException: Expected condition failed: waiting for com.thinkingtesters.steps.LoginSteps$$Lambda/0x00007fff01414df8@6f2ec0b3 (tried for 10 second(s) with 500 milliseconds interval)
Build info: version: '4.16.1', revision: '9b4c83354e'
System info: os.name: 'Mac OS X', os.arch: 'aarch64', os.version: '14.5', java.version: '23'
Driver info: org.openqa.selenium.chrome.ChromeDriver
Capabilities {acceptInsecureCerts: false, browserName: chrome, browserVersion: 132.0.6834.160, chrome: {chromedriverVersion: 132.0.6834.159 (2d77d3fc445..., userDataDir: /var/folders/kv/vhp5lr_x4sn...}, fedcm:accounts: true, goog:chromeOptions: {debuggerAddress: localhost:57565}, networkConnectionEnabled: false, pageLoadStrategy: normal, platformName: mac, proxy: Proxy(), se:cdp: ws://localhost:57565/devtoo..., se:cdpVersion: 132.0.6834.160, setWindowRect: true, strictFileInteractability: false, timeouts: {implicit: 0, pageLoad: 300000, script: 30000}, unhandledPromptBehavior: dismiss and notify, webauthn:extension:credBlob: true, webauthn:extension:largeBlob: true, webauthn:extension:minPinLength: true, webauthn:extension:prf: true, webauthn:virtualAuthenticators: true}
Session ID: 8dc0f9ba252a0c40585c573076c7e130
	at org.openqa.selenium.support.ui.WebDriverWait.timeoutException(WebDriverWait.java:84)
	at org.openqa.selenium.support.ui.FluentWait.until(FluentWait.java:229)
	at com.thinkingtesters.steps.LoginSteps.iShouldBeLoggedInSuccessfully(LoginSteps.java:56)
	at ✽.I should be logged in successfully(file:///Users/suleymankirkil/IdeaProjects/AkilliProje/src/test/resources/features/login.feature:13)


    Embedding Screenshot [image/png 126924 bytes]

]]></system-out>
    <system-err><![CDATA[Feb 07, 2025 11:18:58 AM org.openqa.selenium.devtools.CdpVersionFinder findNearestMatch
WARNING: Unable to find CDP implementation matching 132
Feb 07, 2025 11:18:58 AM org.openqa.selenium.chromium.ChromiumDriver lambda$new$5
WARNING: Unable to find version of CDP to use for 132.0.6834.160. You may need to include a dependency on a specific version of the CDP using something similar to `org.seleniumhq.selenium:selenium-devtools-v86:4.16.1` where the version ("v86") matches the version of the chromium-based browser you're using and the version number of the artifact is the same as Selenium's.
[pool-3-thread-1] INFO com.thinkingtesters.pages.LoginPage - Entering email: test@test.com
[pool-3-thread-1] INFO com.thinkingtesters.pages.LoginPage - Entering password: test123
[pool-3-thread-1] INFO com.thinkingtesters.pages.LoginPage - Clicking submit button
]]></system-err>
  </testcase>
  <testcase name="Failed login with invalid credentials #1" classname="Login Functionality" time="12.784">
    <failure message="[Error message should be displayed] &#10;Expecting value to be true but was false expected:&lt;[tru]e&gt; but was:&lt;[fals]e&gt;" type="org.junit.ComparisonFailure"><![CDATA[org.junit.ComparisonFailure: 
[Error message should be displayed] 
Expecting value to be true but was false expected:<[tru]e> but was:<[fals]e>
	at java.base/jdk.internal.reflect.DirectConstructorHandleAccessor.newInstance(DirectConstructorHandleAccessor.java:62)
	at java.base/java.lang.reflect.Constructor.newInstanceWithCaller(Constructor.java:501)
	at com.thinkingtesters.steps.LoginSteps.iShouldSeeAnErrorMessage(LoginSteps.java:64)
	at ✽.I should see a login error message "Incorrect email address or password"(file:///Users/suleymankirkil/IdeaProjects/AkilliProje/src/test/resources/features/login.feature:19)
]]></failure>
    <system-out><![CDATA[
Scenario Outline: Failed login with invalid credentials                         # src/test/resources/features/login.feature:23
  Given I am on the login page                                                  # com.thinkingtesters.steps.LoginSteps.iAmOnTheLoginPage()
  When I enter login email "invalid@test.com"                                   # com.thinkingtesters.steps.LoginSteps.iEnterEmail(java.lang.String)
  And I enter login password "test123"                                          # com.thinkingtesters.steps.LoginSteps.iEnterPassword(java.lang.String)
  And I click the login submit button                                           # com.thinkingtesters.steps.LoginSteps.iClickTheSubmitButton()
  Then I should see a login error message "Incorrect email address or password" # com.thinkingtesters.steps.LoginSteps.iShouldSeeAnErrorMessage(java.lang.String)
      org.junit.ComparisonFailure: [Error message should be displayed] 
Expecting value to be true but was false expected:<[tru]e> but was:<[fals]e>
	at java.base/jdk.internal.reflect.DirectConstructorHandleAccessor.newInstance(DirectConstructorHandleAccessor.java:62)
	at java.base/java.lang.reflect.Constructor.newInstanceWithCaller(Constructor.java:501)
	at com.thinkingtesters.steps.LoginSteps.iShouldSeeAnErrorMessage(LoginSteps.java:64)
	at ✽.I should see a login error message "Incorrect email address or password"(file:///Users/suleymankirkil/IdeaProjects/AkilliProje/src/test/resources/features/login.feature:19)


    Embedding Screenshot [image/png 128386 bytes]

]]></system-out>
    <system-err><![CDATA[Feb 07, 2025 11:19:11 AM org.openqa.selenium.devtools.CdpVersionFinder findNearestMatch
WARNING: Unable to find CDP implementation matching 132
Feb 07, 2025 11:19:11 AM org.openqa.selenium.chromium.ChromiumDriver lambda$new$5
WARNING: Unable to find version of CDP to use for 132.0.6834.160. You may need to include a dependency on a specific version of the CDP using something similar to `org.seleniumhq.selenium:selenium-devtools-v86:4.16.1` where the version ("v86") matches the version of the chromium-based browser you're using and the version number of the artifact is the same as Selenium's.
[pool-3-thread-1] INFO com.thinkingtesters.pages.LoginPage - Entering email: invalid@test.com
[pool-3-thread-1] INFO com.thinkingtesters.pages.LoginPage - Entering password: test123
[pool-3-thread-1] INFO com.thinkingtesters.pages.LoginPage - Clicking submit button
[pool-3-thread-1] ERROR com.thinkingtesters.pages.LoginPage - Element not visible after timeout: By.cssSelector: .alert.alert-danger
]]></system-err>
  </testcase>
  <testcase name="Failed login with invalid credentials #2" classname="Login Functionality" time="12.53">
    <failure message="[Error message should be displayed] &#10;Expecting value to be true but was false expected:&lt;[tru]e&gt; but was:&lt;[fals]e&gt;" type="org.junit.ComparisonFailure"><![CDATA[org.junit.ComparisonFailure: 
[Error message should be displayed] 
Expecting value to be true but was false expected:<[tru]e> but was:<[fals]e>
	at java.base/jdk.internal.reflect.DirectConstructorHandleAccessor.newInstance(DirectConstructorHandleAccessor.java:62)
	at java.base/java.lang.reflect.Constructor.newInstanceWithCaller(Constructor.java:501)
	at com.thinkingtesters.steps.LoginSteps.iShouldSeeAnErrorMessage(LoginSteps.java:64)
	at ✽.I should see a login error message "Incorrect email address or password"(file:///Users/suleymankirkil/IdeaProjects/AkilliProje/src/test/resources/features/login.feature:19)
]]></failure>
    <system-out><![CDATA[
Scenario Outline: Failed login with invalid credentials                         # src/test/resources/features/login.feature:24
  Given I am on the login page                                                  # com.thinkingtesters.steps.LoginSteps.iAmOnTheLoginPage()
  When I enter login email "test@test.com"                                      # com.thinkingtesters.steps.LoginSteps.iEnterEmail(java.lang.String)
  And I enter login password "wrong"                                            # com.thinkingtesters.steps.LoginSteps.iEnterPassword(java.lang.String)
  And I click the login submit button                                           # com.thinkingtesters.steps.LoginSteps.iClickTheSubmitButton()
  Then I should see a login error message "Incorrect email address or password" # com.thinkingtesters.steps.LoginSteps.iShouldSeeAnErrorMessage(java.lang.String)
      org.junit.ComparisonFailure: [Error message should be displayed] 
Expecting value to be true but was false expected:<[tru]e> but was:<[fals]e>
	at java.base/jdk.internal.reflect.DirectConstructorHandleAccessor.newInstance(DirectConstructorHandleAccessor.java:62)
	at java.base/java.lang.reflect.Constructor.newInstanceWithCaller(Constructor.java:501)
	at com.thinkingtesters.steps.LoginSteps.iShouldSeeAnErrorMessage(LoginSteps.java:64)
	at ✽.I should see a login error message "Incorrect email address or password"(file:///Users/suleymankirkil/IdeaProjects/AkilliProje/src/test/resources/features/login.feature:19)


    Embedding Screenshot [image/png 127267 bytes]

]]></system-out>
    <system-err><![CDATA[Feb 07, 2025 11:19:23 AM org.openqa.selenium.devtools.CdpVersionFinder findNearestMatch
WARNING: Unable to find CDP implementation matching 132
Feb 07, 2025 11:19:23 AM org.openqa.selenium.chromium.ChromiumDriver lambda$new$5
WARNING: Unable to find version of CDP to use for 132.0.6834.160. You may need to include a dependency on a specific version of the CDP using something similar to `org.seleniumhq.selenium:selenium-devtools-v86:4.16.1` where the version ("v86") matches the version of the chromium-based browser you're using and the version number of the artifact is the same as Selenium's.
[pool-3-thread-1] INFO com.thinkingtesters.pages.LoginPage - Entering email: test@test.com
[pool-3-thread-1] INFO com.thinkingtesters.pages.LoginPage - Entering password: wrong
[pool-3-thread-1] INFO com.thinkingtesters.pages.LoginPage - Clicking submit button
[pool-3-thread-1] ERROR com.thinkingtesters.pages.LoginPage - Element not visible after timeout: By.cssSelector: .alert.alert-danger
]]></system-err>
  </testcase>
  <testcase name="Failed login with invalid credentials #3" classname="Login Functionality" time="12.812">
    <failure message="[Error message should be displayed] &#10;Expecting value to be true but was false expected:&lt;[tru]e&gt; but was:&lt;[fals]e&gt;" type="org.junit.ComparisonFailure"><![CDATA[org.junit.ComparisonFailure: 
[Error message should be displayed] 
Expecting value to be true but was false expected:<[tru]e> but was:<[fals]e>
	at java.base/jdk.internal.reflect.DirectConstructorHandleAccessor.newInstance(DirectConstructorHandleAccessor.java:62)
	at java.base/java.lang.reflect.Constructor.newInstanceWithCaller(Constructor.java:501)
	at com.thinkingtesters.steps.LoginSteps.iShouldSeeAnErrorMessage(LoginSteps.java:64)
	at ✽.I should see a login error message "Email is required"(file:///Users/suleymankirkil/IdeaProjects/AkilliProje/src/test/resources/features/login.feature:19)
]]></failure>
    <system-out><![CDATA[
Scenario Outline: Failed login with invalid credentials       # src/test/resources/features/login.feature:25
  Given I am on the login page                                # com.thinkingtesters.steps.LoginSteps.iAmOnTheLoginPage()
  When I enter login email ""                                 # com.thinkingtesters.steps.LoginSteps.iEnterEmail(java.lang.String)
  And I enter login password "test123"                        # com.thinkingtesters.steps.LoginSteps.iEnterPassword(java.lang.String)
  And I click the login submit button                         # com.thinkingtesters.steps.LoginSteps.iClickTheSubmitButton()
  Then I should see a login error message "Email is required" # com.thinkingtesters.steps.LoginSteps.iShouldSeeAnErrorMessage(java.lang.String)
      org.junit.ComparisonFailure: [Error message should be displayed] 
Expecting value to be true but was false expected:<[tru]e> but was:<[fals]e>
	at java.base/jdk.internal.reflect.DirectConstructorHandleAccessor.newInstance(DirectConstructorHandleAccessor.java:62)
	at java.base/java.lang.reflect.Constructor.newInstanceWithCaller(Constructor.java:501)
	at com.thinkingtesters.steps.LoginSteps.iShouldSeeAnErrorMessage(LoginSteps.java:64)
	at ✽.I should see a login error message "Email is required"(file:///Users/suleymankirkil/IdeaProjects/AkilliProje/src/test/resources/features/login.feature:19)


    Embedding Screenshot [image/png 123866 bytes]

]]></system-out>
    <system-err><![CDATA[Feb 07, 2025 11:19:36 AM org.openqa.selenium.devtools.CdpVersionFinder findNearestMatch
WARNING: Unable to find CDP implementation matching 132
Feb 07, 2025 11:19:36 AM org.openqa.selenium.chromium.ChromiumDriver lambda$new$5
WARNING: Unable to find version of CDP to use for 132.0.6834.160. You may need to include a dependency on a specific version of the CDP using something similar to `org.seleniumhq.selenium:selenium-devtools-v86:4.16.1` where the version ("v86") matches the version of the chromium-based browser you're using and the version number of the artifact is the same as Selenium's.
[pool-3-thread-1] INFO com.thinkingtesters.pages.LoginPage - Entering email: 
[pool-3-thread-1] INFO com.thinkingtesters.pages.LoginPage - Entering password: test123
[pool-3-thread-1] INFO com.thinkingtesters.pages.LoginPage - Clicking submit button
[pool-3-thread-1] ERROR com.thinkingtesters.pages.LoginPage - Element not visible after timeout: By.cssSelector: .alert.alert-danger
]]></system-err>
  </testcase>
  <testcase name="Failed login with invalid credentials #4" classname="Login Functionality" time="12.656">
    <failure message="[Error message should be displayed] &#10;Expecting value to be true but was false expected:&lt;[tru]e&gt; but was:&lt;[fals]e&gt;" type="org.junit.ComparisonFailure"><![CDATA[org.junit.ComparisonFailure: 
[Error message should be displayed] 
Expecting value to be true but was false expected:<[tru]e> but was:<[fals]e>
	at java.base/jdk.internal.reflect.DirectConstructorHandleAccessor.newInstance(DirectConstructorHandleAccessor.java:62)
	at java.base/java.lang.reflect.Constructor.newInstanceWithCaller(Constructor.java:501)
	at com.thinkingtesters.steps.LoginSteps.iShouldSeeAnErrorMessage(LoginSteps.java:64)
	at ✽.I should see a login error message "Password is required"(file:///Users/suleymankirkil/IdeaProjects/AkilliProje/src/test/resources/features/login.feature:19)
]]></failure>
    <system-out><![CDATA[
Scenario Outline: Failed login with invalid credentials          # src/test/resources/features/login.feature:26
  Given I am on the login page                                   # com.thinkingtesters.steps.LoginSteps.iAmOnTheLoginPage()
  When I enter login email "test@test.com"                       # com.thinkingtesters.steps.LoginSteps.iEnterEmail(java.lang.String)
  And I enter login password ""                                  # com.thinkingtesters.steps.LoginSteps.iEnterPassword(java.lang.String)
  And I click the login submit button                            # com.thinkingtesters.steps.LoginSteps.iClickTheSubmitButton()
  Then I should see a login error message "Password is required" # com.thinkingtesters.steps.LoginSteps.iShouldSeeAnErrorMessage(java.lang.String)
      org.junit.ComparisonFailure: [Error message should be displayed] 
Expecting value to be true but was false expected:<[tru]e> but was:<[fals]e>
	at java.base/jdk.internal.reflect.DirectConstructorHandleAccessor.newInstance(DirectConstructorHandleAccessor.java:62)
	at java.base/java.lang.reflect.Constructor.newInstanceWithCaller(Constructor.java:501)
	at com.thinkingtesters.steps.LoginSteps.iShouldSeeAnErrorMessage(LoginSteps.java:64)
	at ✽.I should see a login error message "Password is required"(file:///Users/suleymankirkil/IdeaProjects/AkilliProje/src/test/resources/features/login.feature:19)


    Embedding Screenshot [image/png 129849 bytes]

]]></system-out>
    <system-err><![CDATA[Feb 07, 2025 11:19:49 AM org.openqa.selenium.devtools.CdpVersionFinder findNearestMatch
WARNING: Unable to find CDP implementation matching 132
Feb 07, 2025 11:19:49 AM org.openqa.selenium.chromium.ChromiumDriver lambda$new$5
WARNING: Unable to find version of CDP to use for 132.0.6834.160. You may need to include a dependency on a specific version of the CDP using something similar to `org.seleniumhq.selenium:selenium-devtools-v86:4.16.1` where the version ("v86") matches the version of the chromium-based browser you're using and the version number of the artifact is the same as Selenium's.
[pool-3-thread-1] INFO com.thinkingtesters.pages.LoginPage - Entering email: test@test.com
[pool-3-thread-1] INFO com.thinkingtesters.pages.LoginPage - Entering password: 
[pool-3-thread-1] INFO com.thinkingtesters.pages.LoginPage - Clicking submit button
[pool-3-thread-1] ERROR com.thinkingtesters.pages.LoginPage - Element not visible after timeout: By.cssSelector: .alert.alert-danger
]]></system-err>
  </testcase>
  <testcase name="Navigate to sign up page" classname="Login Functionality" time="12.453">
    <error message="Expected condition failed: waiting for element to be clickable: By.cssSelector: a[href=&apos;/addUser&apos;] (tried for 10 second(s) with 500 milliseconds interval)&#10;Build info: version: &apos;4.16.1&apos;, revision: &apos;9b4c83354e&apos;&#10;System info: os.name: &apos;Mac OS X&apos;, os.arch: &apos;aarch64&apos;, os.version: &apos;14.5&apos;, java.version: &apos;23&apos;&#10;Driver info: org.openqa.selenium.chrome.ChromeDriver&#10;Capabilities {acceptInsecureCerts: false, browserName: chrome, browserVersion: 132.0.6834.160, chrome: {chromedriverVersion: 132.0.6834.159 (2d77d3fc445..., userDataDir: /var/folders/kv/vhp5lr_x4sn...}, fedcm:accounts: true, goog:chromeOptions: {debuggerAddress: localhost:57964}, networkConnectionEnabled: false, pageLoadStrategy: normal, platformName: mac, proxy: Proxy(), se:cdp: ws://localhost:57964/devtoo..., se:cdpVersion: 132.0.6834.160, setWindowRect: true, strictFileInteractability: false, timeouts: {implicit: 0, pageLoad: 300000, script: 30000}, unhandledPromptBehavior: dismiss and notify, webauthn:extension:credBlob: true, webauthn:extension:largeBlob: true, webauthn:extension:minPinLength: true, webauthn:extension:prf: true, webauthn:virtualAuthenticators: true}&#10;Session ID: 875f1ef347e764a2794f5fa6ccb4f83d" type="org.openqa.selenium.TimeoutException"><![CDATA[org.openqa.selenium.TimeoutException: 
Expected condition failed: waiting for element to be clickable: By.cssSelector: a[href='/addUser'] (tried for 10 second(s) with 500 milliseconds interval)
Build info: version: '4.16.1', revision: '9b4c83354e'
System info: os.name: 'Mac OS X', os.arch: 'aarch64', os.version: '14.5', java.version: '23'
Driver info: org.openqa.selenium.chrome.ChromeDriver
Capabilities {acceptInsecureCerts: false, browserName: chrome, browserVersion: 132.0.6834.160, chrome: {chromedriverVersion: 132.0.6834.159 (2d77d3fc445..., userDataDir: /var/folders/kv/vhp5lr_x4sn...}, fedcm:accounts: true, goog:chromeOptions: {debuggerAddress: localhost:57964}, networkConnectionEnabled: false, pageLoadStrategy: normal, platformName: mac, proxy: Proxy(), se:cdp: ws://localhost:57964/devtoo..., se:cdpVersion: 132.0.6834.160, setWindowRect: true, strictFileInteractability: false, timeouts: {implicit: 0, pageLoad: 300000, script: 30000}, unhandledPromptBehavior: dismiss and notify, webauthn:extension:credBlob: true, webauthn:extension:largeBlob: true, webauthn:extension:minPinLength: true, webauthn:extension:prf: true, webauthn:virtualAuthenticators: true}
Session ID: 875f1ef347e764a2794f5fa6ccb4f83d
	at org.openqa.selenium.support.ui.WebDriverWait.timeoutException(WebDriverWait.java:84)
	at org.openqa.selenium.support.ui.FluentWait.until(FluentWait.java:229)
	at com.thinkingtesters.pages.BasePage.waitForElementClickable(BasePage.java:35)
	at com.thinkingtesters.pages.BasePage.click(BasePage.java:44)
	at com.thinkingtesters.pages.LoginPage.clickSignUpLink(LoginPage.java:35)
	at com.thinkingtesters.steps.LoginSteps.iClickOnTheSignUpLink(LoginSteps.java:50)
	at ✽.I click on the sign up link(file:///Users/suleymankirkil/IdeaProjects/AkilliProje/src/test/resources/features/login.feature:29)
]]></error>
    <system-out><![CDATA[
Scenario: Navigate to sign up page                # src/test/resources/features/login.feature:28
  Given I am on the login page                    # com.thinkingtesters.steps.LoginSteps.iAmOnTheLoginPage()
  When I click on the sign up link                # com.thinkingtesters.steps.LoginSteps.iClickOnTheSignUpLink()
      org.openqa.selenium.TimeoutException: Expected condition failed: waiting for element to be clickable: By.cssSelector: a[href='/addUser'] (tried for 10 second(s) with 500 milliseconds interval)
Build info: version: '4.16.1', revision: '9b4c83354e'
System info: os.name: 'Mac OS X', os.arch: 'aarch64', os.version: '14.5', java.version: '23'
Driver info: org.openqa.selenium.chrome.ChromeDriver
Capabilities {acceptInsecureCerts: false, browserName: chrome, browserVersion: 132.0.6834.160, chrome: {chromedriverVersion: 132.0.6834.159 (2d77d3fc445..., userDataDir: /var/folders/kv/vhp5lr_x4sn...}, fedcm:accounts: true, goog:chromeOptions: {debuggerAddress: localhost:57964}, networkConnectionEnabled: false, pageLoadStrategy: normal, platformName: mac, proxy: Proxy(), se:cdp: ws://localhost:57964/devtoo..., se:cdpVersion: 132.0.6834.160, setWindowRect: true, strictFileInteractability: false, timeouts: {implicit: 0, pageLoad: 300000, script: 30000}, unhandledPromptBehavior: dismiss and notify, webauthn:extension:credBlob: true, webauthn:extension:largeBlob: true, webauthn:extension:minPinLength: true, webauthn:extension:prf: true, webauthn:virtualAuthenticators: true}
Session ID: 875f1ef347e764a2794f5fa6ccb4f83d
	at org.openqa.selenium.support.ui.WebDriverWait.timeoutException(WebDriverWait.java:84)
	at org.openqa.selenium.support.ui.FluentWait.until(FluentWait.java:229)
	at com.thinkingtesters.pages.BasePage.waitForElementClickable(BasePage.java:35)
	at com.thinkingtesters.pages.BasePage.click(BasePage.java:44)
	at com.thinkingtesters.pages.LoginPage.clickSignUpLink(LoginPage.java:35)
	at com.thinkingtesters.steps.LoginSteps.iClickOnTheSignUpLink(LoginSteps.java:50)
	at ✽.I click on the sign up link(file:///Users/suleymankirkil/IdeaProjects/AkilliProje/src/test/resources/features/login.feature:29)

  Then I should be redirected to the sign up page # com.thinkingtesters.steps.LoginSteps.iShouldBeRedirectedToTheSignUpPage()

    Embedding Screenshot [image/png 117325 bytes]

]]></system-out>
    <system-err><![CDATA[Feb 07, 2025 11:20:01 AM org.openqa.selenium.devtools.CdpVersionFinder findNearestMatch
WARNING: Unable to find CDP implementation matching 132
Feb 07, 2025 11:20:01 AM org.openqa.selenium.chromium.ChromiumDriver lambda$new$5
WARNING: Unable to find version of CDP to use for 132.0.6834.160. You may need to include a dependency on a specific version of the CDP using something similar to `org.seleniumhq.selenium:selenium-devtools-v86:4.16.1` where the version ("v86") matches the version of the chromium-based browser you're using and the version number of the artifact is the same as Selenium's.
[pool-3-thread-1] INFO com.thinkingtesters.pages.LoginPage - Clicking sign up link
[pool-3-thread-1] ERROR com.thinkingtesters.pages.LoginPage - Element not clickable after timeout: By.cssSelector: a[href='/addUser']
[pool-3-thread-1] ERROR com.thinkingtesters.pages.LoginPage - Failed to click element: By.cssSelector: a[href='/addUser']
org.openqa.selenium.TimeoutException: Expected condition failed: waiting for element to be clickable: By.cssSelector: a[href='/addUser'] (tried for 10 second(s) with 500 milliseconds interval)
Build info: version: '4.16.1', revision: '9b4c83354e'
System info: os.name: 'Mac OS X', os.arch: 'aarch64', os.version: '14.5', java.version: '23'
Driver info: org.openqa.selenium.chrome.ChromeDriver
Capabilities {acceptInsecureCerts: false, browserName: chrome, browserVersion: 132.0.6834.160, chrome: {chromedriverVersion: 132.0.6834.159 (2d77d3fc445..., userDataDir: /var/folders/kv/vhp5lr_x4sn...}, fedcm:accounts: true, goog:chromeOptions: {debuggerAddress: localhost:57964}, networkConnectionEnabled: false, pageLoadStrategy: normal, platformName: mac, proxy: Proxy(), se:cdp: ws://localhost:57964/devtoo..., se:cdpVersion: 132.0.6834.160, setWindowRect: true, strictFileInteractability: false, timeouts: {implicit: 0, pageLoad: 300000, script: 30000}, unhandledPromptBehavior: dismiss and notify, webauthn:extension:credBlob: true, webauthn:extension:largeBlob: true, webauthn:extension:minPinLength: true, webauthn:extension:prf: true, webauthn:virtualAuthenticators: true}
Session ID: 875f1ef347e764a2794f5fa6ccb4f83d
	at org.openqa.selenium.support.ui.WebDriverWait.timeoutException(WebDriverWait.java:84)
	at org.openqa.selenium.support.ui.FluentWait.until(FluentWait.java:229)
	at com.thinkingtesters.pages.BasePage.waitForElementClickable(BasePage.java:35)
	at com.thinkingtesters.pages.BasePage.click(BasePage.java:44)
	at com.thinkingtesters.pages.LoginPage.clickSignUpLink(LoginPage.java:35)
	at com.thinkingtesters.steps.LoginSteps.iClickOnTheSignUpLink(LoginSteps.java:50)
	at java.base/jdk.internal.reflect.DirectMethodHandleAccessor.invoke(DirectMethodHandleAccessor.java:103)
	at java.base/java.lang.reflect.Method.invoke(Method.java:580)
	at io.cucumber.java.Invoker.doInvoke(Invoker.java:66)
	at io.cucumber.java.Invoker.invoke(Invoker.java:24)
	at io.cucumber.java.AbstractGlueDefinition.invokeMethod(AbstractGlueDefinition.java:47)
	at io.cucumber.java.JavaStepDefinition.execute(JavaStepDefinition.java:29)
	at io.cucumber.core.runner.CoreStepDefinition.execute(CoreStepDefinition.java:66)
	at io.cucumber.core.runner.PickleStepDefinitionMatch.runStep(PickleStepDefinitionMatch.java:63)
	at io.cucumber.core.runner.ExecutionMode$1.execute(ExecutionMode.java:10)
	at io.cucumber.core.runner.TestStep.executeStep(TestStep.java:84)
	at io.cucumber.core.runner.TestStep.run(TestStep.java:56)
	at io.cucumber.core.runner.PickleStepTestStep.run(PickleStepTestStep.java:51)
	at io.cucumber.core.runner.TestCase.run(TestCase.java:84)
	at io.cucumber.core.runner.Runner.runPickle(Runner.java:75)
	at io.cucumber.junit.PickleRunners$NoStepDescriptions.lambda$run$0(PickleRunners.java:151)
	at io.cucumber.core.runtime.CucumberExecutionContext.lambda$runTestCase$5(CucumberExecutionContext.java:137)
	at io.cucumber.core.runtime.RethrowingThrowableCollector.executeAndThrow(RethrowingThrowableCollector.java:23)
	at io.cucumber.core.runtime.CucumberExecutionContext.runTestCase(CucumberExecutionContext.java:137)
	at io.cucumber.junit.PickleRunners$NoStepDescriptions.run(PickleRunners.java:148)
	at io.cucumber.junit.FeatureRunner.runChild(FeatureRunner.java:144)
	at io.cucumber.junit.FeatureRunner.runChild(FeatureRunner.java:28)
	at org.junit.runners.ParentRunner$4.run(ParentRunner.java:331)
	at org.junit.runners.ParentRunner$1.schedule(ParentRunner.java:79)
	at org.junit.runners.ParentRunner.runChildren(ParentRunner.java:329)
	at org.junit.runners.ParentRunner.access$100(ParentRunner.java:66)
	at org.junit.runners.ParentRunner$2.evaluate(ParentRunner.java:293)
	at org.junit.runners.ParentRunner$3.evaluate(ParentRunner.java:306)
	at org.junit.runners.ParentRunner.run(ParentRunner.java:413)
	at io.cucumber.junit.FeatureRunner.run(FeatureRunner.java:137)
	at io.cucumber.junit.Cucumber.runChild(Cucumber.java:196)
	at io.cucumber.junit.Cucumber.runChild(Cucumber.java:89)
	at org.junit.runners.ParentRunner$4.run(ParentRunner.java:331)
	at org.apache.maven.surefire.junitcore.pc.Scheduler$1.run(Scheduler.java:345)
	at java.base/java.util.concurrent.Executors$RunnableAdapter.call(Executors.java:572)
	at java.base/java.util.concurrent.FutureTask.run(FutureTask.java:317)
	at java.base/java.util.concurrent.ThreadPoolExecutor.runWorker(ThreadPoolExecutor.java:1144)
	at java.base/java.util.concurrent.ThreadPoolExecutor$Worker.run(ThreadPoolExecutor.java:642)
	at java.base/java.lang.Thread.run(Thread.java:1575)
]]></system-err>
  </testcase>
</testsuite>